<?xml version="1.0" encoding="UTF-8"?>
<!-- Generated by org.testng.reporters.JUnitReportReporter -->
<testsuite skipped="0" hostname="197BLRMB4000039.local" name="com.redmart.TestCases.TestScenario" tests="1" failures="0" timestamp="2018-10-16T06:26:24 IST" time="31.565" errors="0">
  <testcase name="scenarioOne" time="31.565" classname="com.redmart.TestCases.TestScenario"/>
</testsuite> <!-- com.redmart.TestCases.TestScenario -->
